[INFO   ] Logger: Record log in /storage/emulated/0/code/util/Misc/kivy/Kivy Lessons/092022/.kivy/logs/kivy_22-09-14_44.txt
[INFO   ] Kivy: v2.0.0
[INFO   ] Kivy: Installed at "/data/user/0/ru.iiec.pydroid3/files/arm-linux-androideabi/lib/python3.9/site-packages/kivy/__init__.py"
[INFO   ] Python: v3.9.7 (default, Oct  9 2021, 08:02:40) 
[GCC 11.1.0]
[INFO   ] Python: Interpreter at "/data/user/0/ru.iiec.pydroid3/files/arm-linux-androideabi/bin/python3"
[INFO   ] Factory: 186 symbols loaded
[INFO   ] Image: Providers: img_tex, img_dds, img_sdl2, img_pil (img_ffpyplayer ignored)
[INFO   ] Text: Provider: sdl2
[INFO   ] Window: Provider: sdl2
[INFO   ] GL: Using the "OpenGL ES 2" graphics system
[INFO   ] GL: Backend used <sdl2>
[INFO   ] GL: OpenGL version <b'OpenGL ES 3.2 build 1.9@4893595'>
[INFO   ] GL: OpenGL vendor <b'Imagination Technologies'>
[INFO   ] GL: OpenGL renderer <b'PowerVR Rogue GE8300'>
[INFO   ] GL: OpenGL parsed version: 3, 2
[INFO   ] GL: Texture max size <4096>
[INFO   ] GL: Texture max units <16>
[INFO   ] Window: auto add sdl2 input provider
[INFO   ] Window: virtual keyboard not allowed, single mode, not docked
[WARNING] stderr: Traceback (most recent call last):
[WARNING] stderr:   File "/data/user/0/ru.iiec.pydroid3/files/arm-linux-androideabi/lib/python3.9/site-packages/kivy/lang/builder.py", line 242, in create_handler
[WARNING] stderr:     return eval(value, idmap), bound_list
[WARNING] stderr:   File "/storage/emulated/0/code/util/Misc/kivy/Kivy Lessons/092022/my.kv", line 17, in <module>
[WARNING] stderr:     top: roof.top -50
[WARNING] stderr: NameError: name 'roof' is not defined
[WARNING] stderr: 
[WARNING] stderr: During handling of the above exception, another exception occurred:
[WARNING] stderr: 
[WARNING] stderr: Traceback (most recent call last):
[WARNING] stderr:   File "/data/user/0/ru.iiec.pydroid3/files/arm-linux-androideabi/lib/python3.9/site-packages/kivy/lang/builder.py", line 695, in _apply_rule
[WARNING] stderr:     value, bound = create_handler(
[WARNING] stderr:   File "/data/user/0/ru.iiec.pydroid3/files/arm-linux-androideabi/lib/python3.9/site-packages/kivy/lang/builder.py", line 245, in create_handler
[WARNING] stderr:     raise BuilderException(rule.ctx, rule.line,
[WARNING] stderr: kivy.lang.builder.BuilderException: Parser: File "/storage/emulated/0/code/util/Misc/kivy/Kivy Lessons/092022/my.kv", line 17:
[WARNING] stderr: ...
[WARNING] stderr:      15:        font_size: 70
[WARNING] stderr:      16:        center_x: root.width * 3/4
[WARNING] stderr: >>   17:        top: roof.top -50
[WARNING] stderr:      18:        text: "0"
[WARNING] stderr: ...
[WARNING] stderr: NameError: name 'roof' is not defined
[WARNING] stderr:   File "/data/user/0/ru.iiec.pydroid3/files/arm-linux-androideabi/lib/python3.9/site-packages/kivy/lang/builder.py", line 242, in create_handler
[WARNING] stderr:     return eval(value, idmap), bound_list
[WARNING] stderr:   File "/storage/emulated/0/code/util/Misc/kivy/Kivy Lessons/092022/my.kv", line 17, in <module>
[WARNING] stderr:     top: roof.top -50
[WARNING] stderr: 
[WARNING] stderr: 
[WARNING] stderr: During handling of the above exception, another exception occurred:
[WARNING] stderr: 
[WARNING] stderr: Traceback (most recent call last):
[WARNING] stderr:   File "/storage/emulated/0/code/util/Misc/kivy/Kivy Lessons/092022/myapp.py", line 22, in <module>
[WARNING] stderr:     MyApp().run()
[WARNING] stderr:   File "/data/user/0/ru.iiec.pydroid3/files/arm-linux-androideabi/lib/python3.9/site-packages/kivy/app.py", line 949, in run
[WARNING] stderr:     self._run_prepare()
[WARNING] stderr:   File "/data/user/0/ru.iiec.pydroid3/files/arm-linux-androideabi/lib/python3.9/site-packages/kivy/app.py", line 919, in _run_prepare
[WARNING] stderr:     root = self.build()
[WARNING] stderr:   File "/storage/emulated/0/code/util/Misc/kivy/Kivy Lessons/092022/myapp.py", line 16, in build
[WARNING] stderr:     return MyGrid()
[WARNING] stderr:   File "/data/user/0/ru.iiec.pydroid3/files/arm-linux-androideabi/lib/python3.9/site-packages/kivy/uix/widget.py", line 359, in __init__
[WARNING] stderr:     self.apply_class_lang_rules(
[WARNING] stderr:   File "/data/user/0/ru.iiec.pydroid3/files/arm-linux-androideabi/lib/python3.9/site-packages/kivy/uix/widget.py", line 463, in apply_class_lang_rules
[WARNING] stderr:     Builder.apply(
[WARNING] stderr:   File "/data/user/0/ru.iiec.pydroid3/files/arm-linux-androideabi/lib/python3.9/site-packages/kivy/lang/builder.py", line 541, in apply
[WARNING] stderr:     self._apply_rule(
[WARNING] stderr:   File "/data/user/0/ru.iiec.pydroid3/files/arm-linux-androideabi/lib/python3.9/site-packages/kivy/lang/builder.py", line 710, in _apply_rule
[WARNING] stderr:     raise BuilderException(rule.ctx, rule.line,
[WARNING] stderr: kivy.lang.builder.BuilderException: Parser: File "/storage/emulated/0/code/util/Misc/kivy/Kivy Lessons/092022/my.kv", line 17:
[WARNING] stderr: ...
[WARNING] stderr:      15:        font_size: 70
[WARNING] stderr:      16:        center_x: root.width * 3/4
[WARNING] stderr: >>   17:        top: roof.top -50
[WARNING] stderr:      18:        text: "0"
[WARNING] stderr: ...
[WARNING] stderr: BuilderException: Parser: File "/storage/emulated/0/code/util/Misc/kivy/Kivy Lessons/092022/my.kv", line 17:
[WARNING] stderr: ...
[WARNING] stderr:      15:        font_size: 70
[WARNING] stderr:      16:        center_x: root.width * 3/4
[WARNING] stderr: >>   17:        top: roof.top -50
[WARNING] stderr:      18:        text: "0"
[WARNING] stderr: ...
[WARNING] stderr: NameError: name 'roof' is not defined
[WARNING] stderr:   File "/data/user/0/ru.iiec.pydroid3/files/arm-linux-androideabi/lib/python3.9/site-packages/kivy/lang/builder.py", line 242, in create_handler
[WARNING] stderr:     return eval(value, idmap), bound_list
[WARNING] stderr:   File "/storage/emulated/0/code/util/Misc/kivy/Kivy Lessons/092022/my.kv", line 17, in <module>
[WARNING] stderr:     top: roof.top -50
[WARNING] stderr: 
[WARNING] stderr:   File "/data/user/0/ru.iiec.pydroid3/files/arm-linux-androideabi/lib/python3.9/site-packages/kivy/lang/builder.py", line 695, in _apply_rule
[WARNING] stderr:     value, bound = create_handler(
[WARNING] stderr:   File "/data/user/0/ru.iiec.pydroid3/files/arm-linux-androideabi/lib/python3.9/site-packages/kivy/lang/builder.py", line 245, in create_handler
[WARNING] stderr:     raise BuilderException(rule.ctx, rule.line,
[WARNING] stderr: 
